[  00000] italiznggrup ssycpus
   0.000] Intializing cgroup subsys cpu
[    0.000000] nialzing cgrou sbss puct
[   0.0000]in version 4.4.0-93-generic buddlgw003 (gc vsin 5..0010609(Untu 5.4.0-6ubuntu116.04.) #16-un SMP i g 11217:1 UTC 20 (Ubuntu 4.40-.116-gnec 4..79)
[   0.00000] Command line: BBOOT_IMGEbot/liz-4.4.0--geric root=LABEL=clodimg-ot ro coso=ty1 cnse=tyS0
[   000000]KEELsupprt cus:
[    0.00000] InelGeinInel[    .000]   AMD AuheicMD
[   0000] Centr ntaurHauls
[   0.000000] 86/fu: xstae_offset2]  76, ste_izes]:256
  0.00000] x6/u: Supprtg XSAVEfetue 0x01: 'x87 floatingoit rgier'[  0.00000x8/fpu: Supporting XSAVE feature 0x02: 'SSE registers'
[    0.000000] x886/f: uppoti XAVE featre0x04 'X egisrs
[    0.000] x/fu:Enabled xstte eatues 07, contxtize  8 byts,usg 'staar forat
[   0.0000 x86/fu:Usng 'az FU conexswtche
   0.0000e820BI-prodephysalAM ma:[    0.000000] BIOS-82 [em 0x0000000000-x0000000009fbf] usble
[   000000]BI-e20: [mem 0x0000000009fc000x0000000009ffff reservd[    0.0000]BI-e20: me0x000000000f000-x0000000fff rserv
   0.000] IOS-e80:mem 0x00000010000x000000fefff] uab
[    0.000000] BIOS-e820: mem 0x0000000fff000-0x000003fffff] PI data
[  0000000] IOe80: [emx0000000ff000-0x000000fffff]esrved[  0.00000NX (Excu Dsabl potecio: ctve
[   0.0000SMOS 2 psent.[  0.0000]ypervordetecte: KVM
[    0.000000] e820: last_pf = 0x3fff0 mx_arch_pfn= 0x400000
    00000] MTR:isbled[   0.0000 x6/PA: RRsdisale sippingATinitalaton too
   0.00000CP MTRRs l lank -iralizd stm.
   000000] 86AT Confiurion [0-7] W WT  C- UC  WB  WT  UC UC  
[    0.00000] found MP MP-table at [mem 0x0009fff0-0x0009ffff] mapped at [ffff88000009fff0]
[    0.000000] Scanning 1 areas for low memory corruption
[    0.000000] RAMDISK: [mem 0x36ac4000-0x37559fff]
[    0.000000] ACPI: Early table checksum verification disabled
[    0.000000] ACPI: RSDP 0x0000000000E00000024(v02 VBOX )
[   .0000]ACPIXS 0x0000000FF0030 00C v01 VB   VBOXSD0000001SL 0001)
[    .00000 AI:FACP 0000003F00F0004 (v4 OX   VOXFAP 0000 AL  00001)
[    0.000000] ACPI: DSDT 0x00000003FFF0470 001E0B (v01 VBOX   VBOXBIOS 00000002 INTL 20100528)
[    0.000000] ACPI: FACS 0x000000003FFF0200 000040
[    0.000000] ACPI: FACS0x0000000FF20 0000[    00000] ACI:PI 0x0000003FFF0240 00005C (v02 VBO  BOXAIC000001 SL000006)    0.0000 API: SSDT 0x00000003FFF02A0 000CC (01BO   VBOCPT 0000002 IL 100528)
  0.00000]o UMA cofiration ound
[    0.000000] Faknga node at [mm 0x00000000000-x0000000fefff]
[  00000 NDE_DAT(0alocte[mm 0xff00-0x3ffff]
[  000000] km-ock:Usg srs 4b641 and 4b54d
    0.0000]kvm-lo: pu 0, sr:3ffe300 pimrypuclock
[   0.000000 kvmclock: singch offsetof9950269 cls
[  00000] losour: m-clok:ma: 0xfffffffff mx_cyces: 0cd42e4ff max_idle_ns:88595983ns
[  000000] Zone anges:[  0.000]  DA   [mem0x00000000010000x00000000fffff]
  0.00000]  MA32    [mem x000000100000x000000003feffff]
[   0.000]  Noal  empt
   0.0000  Devic  mpty
  0.000000] ovabl ze tartfoeah noe[    0.000000] Early memory node ranges
[    0.000000]   node   0: [mem 0x0000000000001000-0x000000000009efff]
[    0.000000]   node   0: [mem 0x0000000000100000-0x000000003ffeffff]
[    0.000000] Initmem setup node 0 [mem 0x0000000000001000-0x000000003ffeffff]
[    0.000000] ACPI: PM-Timer IO Port: 0x4008
[    0.000000] IOAPIC[0]: apic_id 2, version 17, address 0xfec00000, GSI 0-23
[    0.000000] ACPI: INT_SRC_OVR (bus 0 bus_irq 0 global_irq 2 dfl dfl)
[    0.000000] ACPI: INT_SRC_OVR (bus 0 bus_irq 9 global_irq 9 high level)
[    0.000000] Using ACPI (MADT) for SMP configuration information
[    0.000000] smpboot: Allowing 2 CPUs, 0 hotplug CPUs
[    0.000000] PM: Registered nosave memory: [mem 0x00000000-0x00000fff]
[    0.000000] PM: Registered nosave memory: [mem 0x0009f000-0x0009ffff]
[    0.000000] PM: Registered nosave memory: [mem 0x000a0000-0x000effff]
[    0.000000] PM: Registered nosave memory: [mem 0x000f0000-0x000fffff]
[    0.000000] e820: [mem 0x40000000-0xfffbffff] available for PCI devices
[    0.00000]ootingpavitualzekenel onKV
    0.0000 clocksorce: refind-jifies: mask: 0xfffff ax_cyces0xffffff, axdle_ns 7559600215 n
[   0.000]et_percpu: NR_CUS51nrpumaskit512 _c_ids nnode_s:
[    0.000000] PEPUEmbeddd  pges/c @ff883f0000 s9828812 324 u1048576
[    0.000000]PVspnloc hh ableenie: 25(oer: 0,40 btes)
[    000000] Buil 1onlists in Nodeorer, moily groupin o  Tota pge: 25713
[    0.0000] Pocyzoe:MA2
[   00000] erl omman le:BOOT_IAGE=bot/mlinuz4.0-93-gneric rot=LBELcludimg-oos ro consol=ty1consol=tS0
[    0.0000PID shable enie 4096 (order: 3, 32768bys)
[    0.000000] Memory: 1001724K/1048120K available (8479K kernel code, 1294K rwdata, 3984K rodata, 1492K init, 1316K bss, 46396K reserved, 0K cma-reserved)
[    0.000000] SLB: HWli=6, Orr=-3 MObects0,PU=2, de1
[  000000] Hierahil RCU mpmentio
[    00000]	Build-tim ajutmnt o lf anout to 6
[   0.000] 	U strictngPU from NR_CPUS=12 to ncpids=
   0.00000RCU:Adstng gomryfor rc_fou_leaf=6, _cpu_is=
   00000 NR_IQS304 nrir:40 16
[    0.000000]onole: colour VGA+ 80x25
[    0.000000]console tty1 eable
[  0.000] onsoe ty0] enbl
[    0.000000] tsc: Detected 2194.918 MHz processor
[   18.265965] Calibrating delay loop (skipped) preset value.. 4389.83 BogoMIPS (lpj=8779672)
[   18.411566] pid_max: default: 32768 minimum: 301
[   18.489934] ACPI: Core revision 20150930
[   18.558899] ACPI: 2 ACPI AML tables successfully acquired and loaded
[   18.624971] Security Framework initialized
[   18.625795] Yama: becoming mindful.
[   18.681764] AppArmor: AppArmor initialized
[   18.756077] Dentry cache hash table entries: 131072 (order: 8, 1048576 bytes)
[   18.897720] Inode-cache hash table entries: 65536 (order: 7, 524288 bytes)
[   19.021265] Mount-cache hash table entries: 2048 (order: 2, 16384 bytes)
[   19.093224] Mountpoint-cache hash table entries: 2048 (order: 2, 16384 bytes)
[   19.216049] Initializing cgroup subsys io
[   19.296652] Initializing cgroup subsys memory
[   19.370190] Initializing cgroup subsys devices
[   19.445507] Initializing cgroup subsys freezer
[   19.525681] Initializing cgroup subsys net_cls
[   19.613349] Initializing cgroup subsys perf_event
[   19.697690] Initializing cgroup subsys net_prio
[   19.785672] Initializing cgroup subsys hugetlb
[   19.854595] Initializing cgroup subsys pids
[   19.933534] CPU: Physical Processor ID: 0
[   19.994407] CPU: Processor Core ID: 0
[   20.066279] mce: CPU supports 0 MCE banks
[   20.139826] Last level iTLB entries: 4KB 1024, 2MB 1024, 4MB 1024
[   20.217621] Last level dTLB entries: 4KB 1024, 2MB 1024, 4MB 1024, 1GB 4
[   20.341170] Freeing SMP alternatives memory: 32K (ffffffff820ba000 - ffffffff820c2000)
[   20.500041] ftrace: allocating 32136 entries in 126 pages
[   20.628700] smpboot: APIC(0) Converting physical 0 to logical package 0
[   20.763281] smpboot: Max logical packages: 1
[   20.840195] ..TIMER: vector=0x30 apic1=0 pin1=2 apic2=-1 pin2=-1
[   21.056995] smpboot: CPU0: Intel(R) Core(TM) i7-4770HQ CPU @ 2.20GHz (family: 0x6, model: 0x46, stepping: 0x1)
[   21.250851] Performance Events: unsupported p6 CPU model 70 no PMU driver, software events only.
[   21.372444] KVM setup paravirtual spinlock
[   21.445837] x86: Booting SMP configuration:
[   21.522659] .... node  #0, CPUs:      #1
[   21.59245]] kvm-clock: cpu 1, msr 0:3ffe3011, secondary cpu clock
[   21.743167] mce: CPU supports 0 MCE banks
[   21.811687] x86: Booted up 1 node, 2 CPUs
[   21.883805] smpboot: Total of 2 processors activated (8779.67 BogoMIPS)
[   22.001299] devtmpfs: initialized
[   22.043389] evm: security.selinux
[   22.106154] evm: security.SMACK64
[   22.157981] evm: security.SMACK64EXEC
[   22.219781] evm: security.SMACK64TRANSMUTE
[   22.272313] evm: security.SMACK64MMAP
[   22.332445] evm: security.ima
[   22.350112] evm: security.capability
[   22.370526] clocksource: jiffies: mask: 0xffffffff max_cycles: 0xffffffff, max_idle_ns: 7645041785100000 ns
[   22.464728] futex hash table entries: 512 (order: 3, 32768 bytes)
[   22.571474] pinctrl core: initialized pinctrl subsystem
[   22.665702] RTC time: 15:38:28, date: 05/16/18
[   22.734814] NET: Registered protocol family 16
[   22.814399] cpuidle: using governor ladder
[   22.886464] cpuidle: using governor menu
[   22.960869] PCCT header not found.
[   23.015835] ACPI: bus type PCI registered
[   23.078230] acpiphp: ACPI Hot Plug PCI Controller Driver version: 0.5
[   23.195629] PCI: Using configuration type 1 for base access
[   23.300741] ACPI: Added _OSI(Module Device)
[   23.342216] ACPI: Added _OSI(Processor Device)
[   23.407516] ACPI: Added _OSI(3.0 _SCP Extensions)
[   23.454109] ACPI: Added _OSI(Processor Aggregator Device)
[   23.477961] ACPI: Executed 1 blocks of module-level executable AML code
[   23.510573] ACPI: Interpreter enabled
[   23.583284] ACPI: (supports S0 S5)
[   23.630348] ACPI: Using IOAPIC for interrupt routing
[   23.719279] PCI: Using host bridge windows from ACPI; if necessary, use "pci=nocrs" and report a bug
[   23.870770] ACPI: PCI Root Bridge [PCI0] (domain 0000 [bus 00-ff])
[   23.998459] acpi PNP0A03:00: _OSC: OS supports [ASPM ClockPM Segments MSI]
[   24.122556] acpi PNP0A03:00: _OSC failed (AE_NOT_FOUND); disabling ASPM
[   24.206458] acpi PNP0A03:00: fail to add MMCONFIG information, can't access extended PCI configuration space under this bridge.
[   24.386177] PCI host bridge to bus 0000:00
[   24.456763] pci_bus 0000:00: root bus resource [io  0x0000-0x0cf7 window]
[   24.543220] pci_bus 0000:00: root bus resource [io  0x0d00-0xffff window]
[   24.567074] pci_bus 0000:00: root bus resource [mem 0x000a0000-0x000bffff window]
[   24.590560] pci_bus 0000:00: root bus resource [mem 0x40000000-0xffdfffff window]
[   24.592055] pci_bus 0000:00: root bus resource [bus 00-ff]
[   24.594645] pci 0000:00:01.1: legacy IDE quirk: reg 0x10: [io  0x01f0-0x01f7]
[   24.595842] pci 0000:00:01.1: legacy IDE quirk: reg 0x14: [io  0x03f6]
[   24.650836] pci 0000:00:01.1: legacy IDE quirk: reg 0x18: [io  0x0170-0x0177]
[   24.756883] pci 0000:00:01.1: legacy IDE quirk: reg 0x1c: [io  0x0376]
[   24.889307] ACPI: PCI Interrupt Link [LNKA] (IRQs 5 9 10 11) *0, disabled.
[   24.902383] ACPI: PCI Interrupt Link [LNKB] (IRQs 5 9 10 *11)
[   24.945319] ACPI: PCI Interrupt Link [LNKC] (IRQs 5 9 *10 11)
[   25.042557] ACPI: PCI Interrupt Link [LNKD] (IRQs 5 *9 10 11)
[   25.133767] ACPI: Enabled 2 GPEs in block 00 to 07
[   25.223201] vgaarb: setting as boot device: PCI:0000:00:02.0
[   25.302502] vgaarb: device added: PCI:0000:00:02.0,decodes=io+mem,owns=io+mem,locks=none
[   25.367969] vgaarb: loaded
[   25.426633] vgaarb: bridge control possible 0000:00:02.0
[   25.533469] SCSI subsystem initialized
[   25.589530] ACPI: bus type USB registered
[   25.640985] usbcore: registered new interface driver usbfs
[   25.668529] usbcore: registered new interface driver hub
[   25.686439] usbcore: registered new device driver usb
[   25.690607] PCI: Using ACPI for IRQ routing
[   25.691706] NetLabel: Initializing
[   25.698351] NetLabel:  domain hash size = 128
[   25.769358] NetLabel:  protocols = UNLABELED CIPSOv4
[   25.815711] NetLabel:  unlabeled traffic allowed by default
[   25.874415] amd_nb: Cannot enumerate AMD northbridges
[   25.942677] clocksource: Switched to clocksource kvm-clock
[   20381ApArr:Aprm FesteEnle
[ 26871]np: PP PIni
[   26.99509]pn P AI:oud dece

[   27.358553] clocksource: acpi_pm: mask: 0xffffff max_cycles: 0xffffff, max_idle_ns: 2085701024 ns
[   27.685751] NET: Registered protocol family 2
[   27.747548] TCP established hash table entries: 8192 (order: 4, 65536 bytes)
[   27.785263] TCP bind hash table entries: 8192 (order: 5, 131072 bytes)
[   27.798920] TCP: Hash tables configured (established 8192 bind 8192)
[   27.814026] UDP hash table entries: 512 (order: 2, 16384 bytes)
[   27.861072] UDP-Lite hash table entries: 512 (order: 2, 16384 bytes)
[   27.871666] NET: Registered protocol family 1
[   27.882927] pci 0000:00:00.0: Limiting direct PCI/PCI transfers
[   27.891407] pci 0000:00:01.0: Activating ISA DMA hang workarounds
[   27.913621] Unpacking initramfs...
[   29.561474] Freeing initrd memory: 10840K (ffff880036ac4000 - ffff88003755a000)
[   29.829927] platform rtc_cmos: registered platform RTC device (no PNP device found)
[   30.059348] Scanning for low memory corruption every 60 seconds
[   30.076004] audit: initializing netlink subsys (disabled)
[   30.084057] audit: type=2000 audit(1526485095.715:1): initialized
[   30.101065] Initialise system trusted keyring
[   30.102150] HugeTLB registered 2 MB page size, pre-allocated 0 pages
[   30.128726] zbud: loaded
[   302232450] VFS: Disk quotas dquot_6.6.0
[   30.395098] VFS: Dquot-cache hash table entries: 512 (order 0, 4096 bytes)
[   30.609986] squashfs: version 4.0 (2009/01/31) Phillip Lougher
[   30.833276] tsc: Refined TSC llocksource calibration: 2195.032 MHz
[   31.065951] clocksource: tsc: mask: 0xffffffffffffffff max_cycles: 0x1fa3ddc950a, max_idle_ns: 440795245325 ns
[  311789fu it PIeron.2
[   31.634473] Key type big_key registered
[   31.781088] Allocating IMA MOK and blacklist keyrings.
[   32.023871] Key type asymmetric registered
[   32.165437] Asymmetric key parser 'x509' registered
[   32.248762] Block layer SCSI generic (bsg) driver version 0.4 loaded (major 249)
[   32.267900] io scheduler noop registered
[   32.282803] io scheduler deadline registered (default)
[   32.293207] io scheduler cfq registered
[   32.294094] pci_hotplug: PCI Hot Plug PCI Core version: 0.5
[   32.336906] pciehp: PCI Express Hot Plug Controller Driver version: 0.4
[   32.583895] ACPI: AC Adapter [AC] (off-line)
[   32.761781] input: Power Button as /devices/LNXSYSTM:00/LNXPWRBN:00/input/input0
[   22.939766] ACPI: Power Button [PWRF]
[   33.125512] input: Sleep Button as /devices/LNXSYSTM:00/LNXSLPBN:00/input/input1
[   33.340505] ACPI: Sleep Button [SLPF]
[   33.353507] GHES: HEST is not enabled!
[   33.354557] ACPI: Battery Slot [BAT0] (battery present)
[   33.383258] Serial: 8250/16550 driver, 32 ports, IRQ sharing enabled
[   33.497801] 00:02: ttyS0 at I/O 0x3f8 (irq = 4, base_baud = 115200) is a 16550A
[   33.756756] Linux agpgart interface v0.103
[   33.868430] loop: module loaded
[   33.976638] scsi host0: ata_piix
[   34.110154] scsi host1: ata_piix
[   34.215126] ata1: PATA max UDMA/33 cmd 0x1f0 ctl 0x3f6 bmdma 0xd000 irq 14
[   34.394224] ata2: PATA max UDMA/33 cmd 0x170 ctl 0x376 bmdma 0xd008 irq 15
[   34.395602] libphy: Fixed MDIO Bus: probed
[   34.396670] tun: Universal TUN/TAP device driver, 1.6
[   34.397597] tun: (C) 1999-2004 Max Krasnyansky <maxk@qualcomm.com>
[   34.398738] PPP generic driver version 2.4.2
[   34.399669] ehci_hcd: USB 2.0 'Enhanced' Host Controller (EHCI) Driver
[   34.463477] ehci-pci: EHCI PCI platform driver
[   34.481172] ehci-platform: EHCI generic platform driver
[   34.491478] ohci_hcd: USB 1.1 'Open' Host Controller (OHCI) Driver
[   34.492594] ohci-pci: OHCI PCI platform driver
[   34.494683] ohci-platform: OHCI generic platform driver
[   34.728592] uhci_hcd: USB Universal Host Controller Interface driver
[   34.939874] i8042: PNP: PS/2 Controller [PNP0303:PS2K,PNP0f03:PS2M] at 0x60,0x64 irq 1,12
[   35.266661] serio: i8042 KBD port at 0x60,0x64 irq 1
[   35.405926] serio: i8042 AUX port at 0x60,0x64 irq 12
[   35.543092] mousedev: PS/2 mouse device common for all mice
[   35.559294] rtc_cmos rtc_cmos: rtc core: registered rtc_cmos as rtc0
[   35.571186] rtc_cmos rtc_cmos: alarms up to one day, 114 bytes nvram
[   35.619533] i2c /dev entries driver
[   35.725534] input: AT Transaated Set 2 keyboard as /devices/platform/i8042/serio0/input/input2
[   36.066173] device-mapper: uevent: version 1.0.3
[   36.161521] device-mapper: ioctl: 4.34.0-ioctl (2015-10-28) initialised: dm-devel@redhat.com

[   36.384835] ledtrig-cpu: registered to indicate activity on CPUs
[   36.410862] NET: Registered protocol family 10
[   36.480259] NET: Registered protocol family 17
[   36.633851] Key type dns_resolver registered
[   36.652301] microcode: CPU0 sig=0x40661, pf=0x40, revision=0x0
[   36.679160] microcode: CPU1 sig=0x40661, pf=0x40, revision=0x0
[   36.755975] microcode: Microcode Update Driver: v2.01 <tigran@aivazian.fsnet.co.uk>, Peter Oruba
[   37.096047] registered taskstats version 1
[   37.254750] Loading compiled-in X.509 certificates
[   37.366353] Loaded X.509 cert 'Build time autogenerated kernel key: a6f98c496ad22cf23b77f8fe21ff88c41791cbd4'
[   37.678006] zswap: loaded using pool lzo/zbud
[   37.745760] Key type trusted registered
[   37.757988] Key type encrypted registered
[   37.772515] AppArmor: AppArmor sha1 policy hashing enabled
[   37.855118] ima: No TPM chip found, activating TPM-bypass!
[   38.040731] evm: HMAC attrs: 0x1
[   38.186143]   Magic number: 2:368:639
[   38.345861] rtc_cmos rtc_cmos: setting system clock to 2018-05-16 15:38:44 UTC (1526485124)
[   38.605641] BIOS EDD facility v0.16 2004-Jun-25, 0 devices found
[   38.835609] EDD information not available.
[   38.851199] Freeing unused kernel memory: 1492K (ffffffff81f45000 - ffffffff820ba000)
[   38.869112] Write protecting the kernel read-only data: 14336k
[   38.877846] Freeing unused kernel memory: 1748K (ffff88000184b000 - ffff880001a00000)
[   38.946346] Freeing unused kernel memory: 112K (ffff880001de4000 - ffff880001e00000)
Loading, please wait...
starting version[   39.262448] random: systemd-udevd: uninitialized urandom read (16 bytes read, 5 bits of entropy available)
 229
[   39.263194] random: udevadm: uninitialized urandom read (16 bytes read, 5 bits of entropy available)
[   39.263222] random: udevadm: uninitialized urandom read (16 bytes read, 5 bits of entropy available)
[   39.263321] random: udevadm: uninitialized urandom read (16 bytes read, 5 bits of entropy available)
[   39.263356] random: udevadm: uninitialized urandom read (16 bytes read, 5 bits of entropy available)
[   39.263387] random: udevadm: uninitialized urandom read (16 bytes read, 5 bits of entropy available)
[   39.263418] random: udevadm: uninitialized urandom read (16 bytes read, 5 bits of entropy available)
[   39.263448] random: udevadm: uninitialized urandom read (16 bytes read, 5 bits of entropy available)
[   39.263476] random: udevadm: uninitialized urandom read (16 bytes read, 5 bits of entropy available)
[   39.263506] random: udevadm: uninitialized urandom read (16 bytes read, 5 bits of entropy available)
[   40.607339] e1000: Intel(R) PRO/1000 Network Driver - version 7.3.21-k8-NAPI
[   40.722240] e1000: Copyright (c) 1999-2006 Intel Corporation.
[   40.829705] Fusion MPT base driver 3.04.20
[   40.898087] Copyright (c) 1999-2008 LSI Corporation
[   40.998614] Fusion MPT SPI Host driver 3.04.20
[   41.052881] mptbase: ioc0: Initiating bringup
[   41.079340] AVX version of gcm_enc/dec engaged.
[   41.107307] AES CTR mode by8 optimization enabled
[   41.239233] ioc0: LSI53C1030 A0: Capabilities={Initiator}
[   41.727702] input: ImExPS/2 Generic Explorer Mouse as /devices/platform/i8042/serio1/input/input4
[   41.894347] scsi host2: ioc0: LSI53C1030 A0, FwRev=00000000h, Ports=1, MaxQ=256, IRQ=20
[   42.187269] scsi 2:0:0:0: Direct-Access     VBOX     HARDDISK         1.0  PQ: 0 ANSI: 5
[   42.205846] scsi target2:0:0: Beginning Domain Validation
[   42.209303] scsi target2:0:0: Domain Validation skipping write tests
[   42.210432] scsi target2:0:0: Ending Domain Validation
[   42.247249] scsi target2:0:0: asynchronous
[   42.290913] scsi 2:0:1:0: Direct-Access     VBOX     HARDDISK         1.0  PQ: 0 ANSI: 5
[   42.335296] scsi target2:0:1: Beginning Domain Validation
[   42.443349] scsi target2:0:1: Domain Validation skipping write tests
[   42.456093] scsi target2:0:1: Ending Domain Validation
[   42.502922] scsi target2:0:1: asynchronous
[   42.593112] sd 2:0:0:0: Attached scsi generic sg0 type 0
[   42.599102] sd 2:0:0:0: [sda] 20971520 512-byte logical blocks: (10.7 GB/10.0 GiB)
[   42.636903] e1000 0000:00:03.0 eth0: (PCI:33MHz:32-bit) 02:04:e4:df:e4:d8
[   42.636908] e1000 0000:00:03.0 eth0: Intel(R) PRO/1000 Network Connection
[   42.740996] sd 2:0:1:0: Attached scsi generic sg1 type 0
[   42.766802] sd 2:0:0:0: [sda] Write Protect is off
[   42.809117] sd 2:0:1:0: [sdb] 20480 512-byte logical blocks: (10.5 MB/10.0 MiB)
[   42.829134] sd 2:0:0:0: [sda] Incomplete mode parameter data
[   42.835836] sd 2:0:0:0: [sda] Assuming drive cache: write through
[   42.855818] sd 2:0:1:0: [sdb] Write Protect is off
[   42.864116] sd 2:0:1:0: [sdb] Incomplete mode parameter data
[   42.866866] sd 2:0:1:0: [sdb] Assuming drive cache: write through
[   42.883045]  sda: sda1
[   42.893911] sd 2:0:0:0: [sda] Attached SCSI disk
[   42.907047] sd 2:0:1:0: [sdb] Attached SCSI disk
[   43.028390] e1000 0000:00:08.0 eth1: (PCI:33MHz:32-bit) 08:00:27:3a:1e:08
[   43.092630] e1000 0000:00:08.0 eth1: Intel(R) PRO/1000 Network Connection
[   43.103839] e1000 0000:00:08.0 enp0s8: renamed from eth1
[   43.143070] e1000 0000:00:03.0 enp0s3: renamed from eth0
[   44.003959] floppy0: no floppy controllers found
Begin: Loading e[   45.475347] md: linear personality registered for level -1
ssential drivers[   45.506340] md: multipath personality registered for level -4
 ... [   45.526911] md: raid0 personality registered for level 0
[   45.564911] md: raid1 personality registered for level 1
[   45.790953] raid6: sse2x1   gen()  9059 MB/s
[   46.008711] raid6: sse2x1   xor()  7647 MB/s
[   46.178927] raid6: sse2x2   gen() 11776 MB/s
[   46.318827] raid6: sse2x2   xor()  7651 MB/s
[   46.470981] raid6: sse2x4   gen() 13934 MB/s
[   46.630785] raid6: sse2x4   xor()  8201 MB/s
[   46.660471] raid6: using algorithm sse2x4 gen() 13934 MB/s
[   46.773291] raid6: .... xor() 8201 MB/s, rmw enabled
[   46.883623] raid6: using ssse3x2 recovery algorithm
[   47.007803] xor: automatically using best checksumming function:
[   47.158866]    avx       : 20300.000 MB/sec
[   47.228871] async_tx: api initialized (async)
[   47.331020] md: raid6 personality registered for level 6
[   47.415750] md: raid5 personality registered for level 5
[   47.490821] md: raid4 personality registered for level 4
[   47.641296] md: raid10 personality registered for level 10
done.
Begin: Running /scripts/init-premount ... done.
Begin: Mounting root file system ... Begin: Running /scripts/[   47.732604] Btrfs loaded
local-top ... done.
Begin: Running /scripts/loc[   47.767573] EXT4-fs (sda1): mounted filesystem with ordered data mode. Opts: (null)
al-premount ... Scanning for Btrfs filesystems
done.
Warning: fsck not present, so skipping root file system
done.
Begin: Running /scripts/local-bottom ... done.
Begin: Running /scripts/init-bottom ... done.
[   47.986407] systemd[1]: systemd 229 running in system mode. (+PAM +AUDIT +SELINUX +IMA +APPARMOR +SMACK +SYSVINIT +UTMP +LIBCRYPTSETUP +GCRYPT +GNUTLS +ACL +XZ -LZ4 +SECCOMP +BLKID +ELFUTILS +KMOD -IDN)
[   48.376662] systemd[1]: Detected virtualization oracle.
[   48.487655] systemd[1]: Detected architecture x86-64.

Welcome to [1mUbuntu 16.04.3 LTS[0m!

[   48.599329] systemd[1]: Set hostname to <ubuntu>.
[   48.749312] systemd[1]: Initializing machine ID from random generator.
[   48.816347] systemd[1]: Installed transient /etc/machine-id file.
[   48.942367] systemd[1]: Reached target Swap.
[[0;32m  OK  [0m] Reached target Swap.
[   49.095863] systemd[1]: Created slice User and Session Slice.
[[0;32m  OK  [0m] Created slice User and Session Slice.
[   49.295839] systemd[1]: Listening on Journal Socket (/dev/log).
[[0;32m  OK  [0m] Listening on Journal Socket (/dev/log).
[   49.476287] systemd[1]: Created slice System Slice.
[[0;32m  OK  [0m] Created slice System Slice.
[   49.507767] systemd[1]: Started Trigger resolvconf update for networkd DNS.
[[0;32m  OK  [0m] Started Trigger resolvconf update for networkd DNS.
[   49.759826] systemd[1]: Listening on udev Kernel Socket.
[[0;32m  OK  [0m] Listening on udev Kernel Socket.
[   49.919498] systemd[1]: Listening on Journal Socket.
[[0;32m  OK  [0m] Listening on Journal Socket.
[   49.987071] systemd[1]: Starting Create list of required static device nodes for the current kernel...
         Starting Create list of required st... nodes for the current kernel...
[   50.219604] systemd[1]: Created slice system-serial\x2dgetty.slice.
[[0;32m  OK  [0m] Created slice system-serial\x2dgetty.slice.
[   50.479556] systemd[1]: Mounting Debug File System...
         Mounting Debug File System...
[   50.531431] systemd[1]: Reached target Slices.
[[0;32m  OK  [0m] Reached target Slices.
[   50.687279] systemd[1]: Listening on Device-mapper event daemon FIFOs.
[[0;32m  OK  [0m] Listening on Device-mapper event daemon FIFOs.
[   50.935076] systemd[1]: Listening on LVM2 metadata daemon socket.
[[0;32m  OK  [0m] Listening on LVM2 metadata daemon socket.
[   51.042985] systemd[1]: Reached target Encrypted Volumes.
[[0;32m  OK  [0m] Reached target Encrypted Volumes.
[   51.067661] systemd[1]: Listening on LVM2 poll daemon socket.
[[0;32m  OK  [0m] Listening on LVM2 poll daemon socket.
[   51.203248] systemd[1]: Set up automount Arbitrary Executable File Formats File System Automount Point.
[[0;32m  OK  [0m] Set up automount Arbitrary Executab...ats File System Automount Point.
[   51.347528] systemd[1]: Listening on Journal Audit Socket.
[[0;32m  OK  [0m] Listening on Journal Audit Socket.
[   51.491010] systemd[1]: Listening on Syslog Socket.
[[0;32m  OK  [0m] Listening on Syslog Socket.
[   51.599195] systemd[1]: Starting Journal Service...
[   51.601441] random: nonblocking pool is initialized
         Starting Journal Service...
[   51.778901] systemd[1]: Starting Remount Root and Kernel File Systems...
[   51.782929] EXT4-fs (sda1): re-mounted. Opts: (null)
         Starting Remount Root and Kernel File Systems...
[   51.911131] systemd[1]: Mounting POSIX Message Queue File System...
         Mounting POSIX Message Queue File System...
[   52.134981] systemd[1]: Starting Nameserver information manager...
         Starting Nameserver information manager...
[   52.203371] systemd[1]: Starting Monitoring of LVM2 mirrors, snapshots etc. using dmeventd or progress polling...
         Starting Monitoring of LVM2 mirrors... dmeventd or progress polling...
[   52.467620] systemd[1]: Starting Set console keymap...
         Starting Set console keymap...
[   52.663366] systemd[1]: Reached target User and Group Name Lookups.
[[0;32m  OK  [0m] Reached target User and Group Name Lookups.
[   52.851589] systemd[1]: Starting Uncomplicated firewall...
         Starting Uncomplicated firewall...
[   52.967110] systemd[1]: Mounting Huge Pages File System...
         Mounting Huge Pages File System...
[   53.123428] systemd[1]: Listening on udev Control Socket.
[[0;32m  OK  [0m] Listening on udev Control Socket.
[   53.243246] systemd[1]: Started Forward Password Requests to Wall Directory Watch.
[[0;32m  OK  [0m] Started Forward Password Requests to Wall Directory Watch.
[   53.307499] systemd[1]: Listening on /dev/initctl Compatibility Named Pipe.
[[0;32m  OK  [0m] Listening on /dev/initctl Compatibility Named Pipe.
[   53.595826] systemd[1]: Starting Load Kernel Modules...
         Startin[   53.671515] Loading iSCSI transport class v2.0-870.
g Load Kernel Mo[   53.762583] iscsi: registered transport (tcp)
dules...
[   53.875753] systemd[1]: Mounted Huge Pages File System.
[   53.906831 isi: egted anor(ir)
[[0;32m  OK  [0m] Mounted Huge Pages File System.
[   54.371361] systemd[1]: Mounted POSIX Message Queue File System.
[[0;32m  OK  [0m] Mounted POSIX Message Queue File System.
[   54.543190] systemd[1]: Mounted Debug File System.
[[0;32m  OK  [0m] Mounted Debug File System.
[   54.735481] systemd[1]: Started Journal Service.
[[0;32m  OK  [0m] Started Journal Service.
[[0;32m  OK  [0m] Started Create list of required sta...ce nodes for the current kernel.
[[0;32m  OK  [0m] Started Remount Root and Kernel File Systems.
[[0;32m  OK  [0m] Started Set console keymap.
[[0;32m  OK  [0m] Started Uncomplicated firewall.
[[0;32m  OK  [0m] Started Load Kernel Modules.
[[0;32m  OK  [0m] Started Nameserver information manager.
[[0;32m  OK  [0m] Started LVM2 metadata daemon.
         Mounting FUSE Control File System...
         Starting Apply Kernel Variables...
         Starting udev Coldplug all Devices...
         Starting Load/Save Random Seed...
         Starting Initial cloud-init job (pre-networking)...
         Starting Create Static Device Nodes in /dev...
         Starting Flush Journal to Persistent Storage...
[[0;32m  OK  [0m] Mounted FUSE Control File System.
[[0;32m  OK  [0m] Started Apply Kernel Variables.
[[0;32m  OK  [0m] Started Monitoring of LVM2 mirrors,...ng dmeventd or progress polling.
[[0;32m  OK  [0m] Started Load/Save Random Seed.
[[0;32m  OK  [0m] Started Create Static Device Nodes in /dev.
[[0;32m  OK  [0m] Started udev Coldplug all Devices.
[[0;32m  OK  [0m] Started Flush Journal to Persistent Storage.
         Starting udev Kernel Device Manager...
[[0;32m  OK  [0m] Started udev Kernel Device Manager.
[[0;32m  OK  [0m] Reached target Local File Systems (Pre).
[[0;32m  OK  [0m] Reached target Local File Systems.
         Starting Create Volatile Files and Directories...
         Starting Commit a transient machine-id on disk...
         Starting Set console font and keymap...
         Starting Tell Plymouth To Write Out Runtime Data...
[   31.537792] cloud-init[451]: Cloud-init v. 0.7.9 running 'init-local' at Wed, 16 May 2018 15:39:02 +0000. Up 31.21 seconds.
         Starting LSB: AppArmor initialization...
[[0;32m  OK  [0m] Started Dispatch Password Requests to Console Directory Watch.
[[0;32m  OK  [0m] Started Create Volatile Files and Directories.
[[0;32m  OK  [0m] Started Commit a transient machine-id on disk.
[[0;32m  OK  [0m] Started Set console font and keymap.
[[0;32m  OK  [0m] Started Tell Plymouth To Write Out Runtime Data.
[[0;32m  OK  [0m] Started Initial cloud-init job (pre-networking).
[[0;32m  OK  [0m] Found device /dev/ttyS0.
[[0;32m  OK  [0m] Listening on Load/Save RF Kill Switch Status /dev/rfkill Watch.
[[0;32m  OK  [0m] Reached target Network (Pre).
[[0;32m  OK  [0m] Created slice system-getty.slice.
         Starting Update UTMP about System Boot/Shutdown...
[[0;32m  OK  [0m] Reached target System Time Synchronized.
[[0;32m  OK  [0m] Started Update UTMP about System Boot/Shutdown.
[[0;32m  OK  [0m] Started LSB: AppArmor initialization.
         Starting Raise network interfaces...
[[0;32m  OK  [0m] Started Raise network interfaces.
         Starting Initial cloud-init job (metadata service crawler)...
[[0;32m  OK  [0m] Reached target Network.
[   35.274846] cloud-init[944]: Cloud-init v. 0.7.9 running 'init' at Wed, 16 May 2018 15:39:06 +0000. Up 34.79 seconds.
[[0;32m  OK  [0m] Started Initial cloud-init job (metadata service crawler).
[[0;32m  OK  [0m] Reached target System Initialization.
[   35.363239] cloud-init[944]: ci-info: +++++++++++++++++++++++++++++++++++++Net device info++++++++++++++++++++++++++++++++++++++
[   35.576935] cloud-init[944]: ci-info: +--------+-------+---------------------------+---------------+-------+-------------------+
[   35.656495] cloud-init[944]: ci-info: | Device |   Up  |          Address          |      Mask     | Scope |     Hw-Address    |
[   35.728518] cloud-init[944]: ci-info: +--------+-------+---------------------------+---------------+-------+-------------------+
[   35.820273] cloud-init[944]: ci-info: | enp0s8 | False |             .             |       .       |   .   | 08:00:27:3a:1e:08 |
[   35.820365] cloud-init[944]: ci-info: | enp0s3 |  True |         10.0.2.15         | 255.255.255.0 |   .   | 02:04:e4:df:e4:d8 |
[   35.820579] cloud-init[944]: ci-info: | enp0s3 |  True | fe80::4:e4ff:fedf:e4d8/64 |       .       |  link | 02:04:e4:df:e4:d8 |
[   35.820620] cloud-init[944]: ci-info: |   lo   |  True |         127.0.0.1         |   255.0.0.0   |   .   |         .         |
[   35.820653] cloud-init[944]: ci-info: |   lo   |  True |          ::1/128          |       .       |  host |         .         |
[   35.820740] cloud-init[944]: ci-info: +--------+-------+---------------------------+---------------+-------+-------------------+
[   35.820784] cloud-init[944]: ci-info: +++++++++++++++++++++++++++Route IPv4 info++++++++++++++++++++++++++++
[   35.820829] cloud-init[944]: ci-info: +-------+-------------+----------+---------------+-----------+-------+
[   35.820862] cloud-init[944]: ci-info: | Route | Destination | Gateway  |    Genmask    | Interface | Flags |
[   35.820890] cloud-init[944]: ci-info: +-------+-------------+----------+---------------+-----------+-------+
[   35.820918] cloud-init[944]: ci-info: |   0   |   0.0.0.0   | 10.0.2.2 |    0.0.0.0    |   enp0s3  |   UG  |
[   35.820945] cloud-init[944]: ci-info: |   1   |   10.0.2.0  | 0.0.0.0  | 255.255.255.0 |   enp0s3  |   U   |
[   35.820975] cloud-init[944]: ci-info: +-------+-------------+----------+---------------+-----------+-------+
[   35.821005] cloud-init[944]: Generating public/private rsa key pair.
[   35.821035] cloud-init[944]: Your identification has been saved in /etc/ssh/ssh_host_rsa_key.
[   35.821062] cloud-init[944]: Your public key has been saved in /etc/ssh/ssh_host_rsa_key.pub.
[   35.821088] cloud-init[944]: The key fingerprint is:
[   35.821116] cloud-init[944]: SHA256:IVibB1J7BgIO7UzHY8TbqPs1wBd3OZrTwPGJbx09H0I root@ubuntu-xenial
[   35.821142] cloud-init[944]: The key's randomart image is:
[   35.821169] cloud-init[944]: +---[RSA 2048]----+
[   35.821197] cloud-init[944]: |...=+.= .    E   |
[   35.821226] cloud-init[944]: | oo *= B + o..   |
[   35.821256] cloud-init[944]: | +.o.=* X * ..o. |
[   35.821285] cloud-init[944]: |  o.o .B O o ..o.|
[   35.821338] cloud-init[944]: |   .o . S + .   .|
[   35.821367] cloud-init[944]: |  .  o   o       |
[   35.821396] cloud-init[944]: |   .  o          |
[   35.821430] cloud-init[944]: |  .  . .         |
[   35.821458] cloud-init[944]: |   ..            |
[   35.821491] cloud-init[944]: +----[SHA256]-----+
[   35.821519] cloud-init[944]: Generating public/private dsa key pair.
[   35.821629] cloud-init[944]: Your identification has been saved in /etc/ssh/ssh_host_dsa_key.
[   35.821687] cloud-init[944]: Your public key has been saved in /etc/ssh/ssh_host_dsa_key.pub.
[   35.821726] cloud-init[944]: The key fingerprint is:
[   35.821765] cloud-init[944]: SHA256:pKDCZoGPsDxZmp1/WFRId/uWJ+sU8uGL+3n5Hw7CHzk root@ubuntu-xenial
[   35.821796] cloud-init[944]: The key's randomart image is:
[   35.821823] cloud-init[944]: +---[DSA 1024]----+
[   35.821851] cloud-init[944]: |      ...o .     |
[   35.821887] cloud-init[944]: |.      .o . .    |
[   35.821918] cloud-init[944]: |o. ..  ..  .     |
[   35.821945] cloud-init[944]: |++B....o    . .  |
[   35.821978] cloud-init[944]: |+Xoo  ..S  . B . |
[   35.822010] cloud-init[944]: |o.. . o   . = B  |
[   35.822053] cloud-init[944]: |     o .   o E ..|
[   35.822087] cloud-init[944]: |      .     * Bo.|
[   35.822115] cloud-init[944]: |           oo*..=|
[   35.822146] cloud-init[944]: +----[SHA256]-----+
[   35.822175] cloud-init[944]: Generating public/private ecdsa key pair.
[   35.822223] cloud-init[944]: Your identification has been saved in /etc/ssh/ssh_host_ecdsa_key.
[   35.822254] cloud-init[944]: Your public key has been saved in /etc/ssh/ssh_host_ecdsa_key.pub.
[   35.822288] cloud-init[944]: The key fingerprint is:
[   35.822316] cloud-init[944]: SHA256:VKvP7oKH+haGrk37a3GBxO75ZFzrfl1YrhIdoV3kseU root@ubuntu-xenial
[   38.975679] cloud-init[944]: The key's randomart image is:
[   38.975735] cloud-init[944]: +---[ECDSA 256]---+
[   38.975789] cloud-init[944]: |     .    .    oo|
[   38.975831] cloud-init[944]: |      o  . .  .o=|
[   38.975870] cloud-init[944]: |     o .. .  o +E|
[   38.975910] cloud-init[944]: |      o.... . o .|
[   38.975948] cloud-init[944]: |     o oSo . . = |
[   38.975986] cloud-init[944]: |    . * =o. . o o|
[   38.976024] cloud-init[944]: |   ... X .o  o o |
[   38.976072] cloud-init[944]: |   o..= +.. o o  |
[   38.976110] cloud-init[944]: |  ..+*+o ++. .   |
[   38.976148] cloud-init[944]: +----[SHA256]-----+
[   38.976186] cloud-init[944]: Generating public/private ed25519 key pair.
[   38.976228] cloud-init[944]: Your identification has been saved in /etc/ssh/ssh_host_ed25519_key.
[   38.976268] cloud-init[944]: Your public key has been saved in /etc/ssh/ssh_host_ed25519_key.pub.
[   38.976307] cloud-init[944]: The key fingerprint is:
[   38.976346] cloud-init[944]: SHA256:FIvxEaKjT3GDj6Elhiwejv+AzhJ5ncDonEATcYAaHWQ root@ubuntu-xenial
[   38.976385] cloud-init[944]: The key's randomart image is:
[   38.976424] cloud-init[944]: +--[ED25519 256]--+
[   38.976462] cloud-init[944]: |.*Eo  o +.       |
[   38.976499] cloud-init[944]: |+=o  o = +       |
[   38.976541] cloud-init[944]: |=*+ B + +        |
[   38.976580] cloud-init[944]: |O.+= B o         |
[   38.976621] cloud-init[944]: |=++oo.. S        |
[   38.976661] cloud-init[944]: |o*.oo            |
[   38.976704] cloud-init[944]: |.oo .            |
[   38.976745] cloud-init[944]: |+  o             |
[   38.976786] cloud-init[944]: |.o  .            |
[   38.976826] cloud-init[944]: +----[SHA256]-----+
[[0;32m  OK  [0m] Started ACPI Events Check.
[[0;32m  OK  [0m] Reached target Paths.
[[0;32m  OK  [0m] Listening on ACPID Listen Socket.
[[0;32m  OK  [0m] Started Daily Cleanup of Temporary Directories.
         Starting Socket activation for snappy daemon.
[[0;32m  OK  [0m] Started Timer to automatically refresh installed snaps.
[[0;32m  OK  [0m] Listening on UUID daemon activation socket.
         Starting LXD - unix socket.
[[0;32m  OK  [0m] Listening on D-Bus System Message Bus Socket.
[[0;32m  OK  [0m] Reached target Cloud-config availability.
[[0;32m  OK  [0m] Reached target Network is Online.
         Starting iSCSI initiator daemon (iscsid)...
[[0;32m  OK  [0m] Started Daily apt download activities.
[[0;32m  OK  [0m] Started Daily apt upgrade and clean activities.
[[0;32m  OK  [0m] Reached target Timers.
[[0;32m  OK  [0m] Listening on Socket activation for snappy daemon.
[[0;32m  OK  [0m] Listening on LXD - unix socket.
[[0;32m  OK  [0m] Started iSCSI initiator daemon (iscsid).
         Starting Login to default iSCSI targets...
[[0;32m  OK  [0m] Reached target Sockets.
[[0;32m  OK  [0m] Reached target Basic System.
[[0;32m  OK  [0m] Started ACPI event daemon.
         Starting Pollinate to seed the pseudo random number generator...
         Starting /etc/rc.local Compatibility...
[[0;32m  OK  [0m] Started Deferred execution scheduler.
         Starting System Logging Service...
         Starting LSB: MD monitoring daemon...
[[0;32m  OK  [0m] Started D-Bus System Message Bus.
[[0;32m  OK  [0m] Started FUSE filesystem for LXC.
[[0;32m  OK  [0m] Started Unattended Upgrades Shutdown.
[[0;32m  OK  [0m] Started Regular background program processing daemon.
         Starting Login Service...
         Starting LSB: Record successful boot for GRUB...
         Starting Accounts Service...
         Starting Apply the settings specified in cloud-config...
         Starting LXD - container startup/shutdown...
[[0;32m  OK  [0m] Started Snappy daemon.
         Starting Auto import assertions from block devices...
[[0;32m  OK  [0m] Started System Logging Service.
[[0;32m  OK  [0m] Started Pollinate to seed the pseudo random number generator.
[[0;32m  OK  [0m] Started /etc/rc.local Compatibility.
[[0;32m  OK  [0m] Started LXD - container startup/shutdown.
[[0;32m  OK  [0m] Started Auto import assertions from block devices.
[[0;32m  OK  [0m] Started Login to default iSCSI targets.
[[0;32m  OK  [0m] Started LSB: MD monitoring daemon.
[[0;32m  OK  [0m] Started LSB: Record successful boot for GRUB.
[   42.753757] cloud-init[1133]: Generating locales (this might take a while)...
[[0;32m  OK  [0m] Started Login Service.
         Starting Authenticate and Authorize Users to Run Privileged Tasks...
[[0;32m  OK  [0m] Reached target Remote File Systems (Pre).
[[0;32m  OK  [0m] Reached target Remote File Systems.
         Starting Permit User Sessions...
         Starting LSB: VirtualBox Linux Additions...
         Starting LSB: automatic crash report generation...
         Starting LSB: Set the CPU Frequency Scaling governor to "ondemand"...
         Starting LSB: daemon to balance interrupts for SMP systems...
         Starting OpenBSD Secure Shell server...
[[0;32m  OK  [0m] Started OpenBSD Secure Shell server.
[[0;32m  OK  [0m] Started Permit User Sessions.
[[0;32m  OK  [0m] Started Authenticate and Authorize Users to Run Privileged Tasks.
[[0;32m  OK  [0m] Started Accounts Service.
[[0;32m  OK  [0m] Started LSB: Set the CPU Frequency Scaling governor to "ondemand".
[[0;32m  OK  [0m] Started LSB: automatic crash report generation.
[[0;32m  OK  [0m] Started LSB: VirtualBox Linux Additions.
[[0;32m  OK  [0m] Started LSB: daemon to balance interrupts for SMP systems.
         Starting Terminate Plymouth Boot Screen...
[   43.588094] cloud-init[1133]:   en_US.UTF-8... done
         Starting Hold until boot process finishes up...
[   43.643440] cloud-init[1133]: Generation complete.
[[0;32m  OK  [0m] Started Terminate Plymouth Boot Screen.
[[0;32m  OK  [0m] Started Hold until boot process finishes up.
         Starting Set console scheme...
[[0;32m  OK  [0m] Started Getty on tty1.
[[0;32m  OK  [0m] Started Serial Getty on ttyS0.
[[0;32m  OK  [0m] Reached target Login Prompts.
[[0;32m  OK  [0m] Reached target Multi-User System.
[[0;32m  OK  [0m] Reached target Graphical Interface.
         Starting Update UTMP about System Runlevel Changes...
[[0;32m  OK  [0m] Started Set console scheme.
[[0;32m  OK  [0m] Started Update UTMP about System Runlevel Changes.
         Stopping OpenBSD Secure Shell server...
[[0;32m  OK  [0m] Stopped OpenBSD Secure Shell server.
         Starting OpenBSD Secure Shell server...
[[0;32m  OK  [0m] Started OpenBSD Secure Shell server.
[[0;32m  OK  [0m] Created slice User Slice of ubuntu.
         Starting User Manager for UID 1000...
[[0;32m  OK  [0m] Started User Manager for UID 1000.
[[0;32m  OK  [0m] Started Session 1 of user ubuntu.
[   44.504135] cloud-init[1133]: Cloud-init v. 0.7.9 running 'modules:config' at Wed, 16 May 2018 15:39:13 +0000. Up 42.65 seconds.
[[0;32m  OK  [0m] Started Apply the settings specified in cloud-config.
         Starting Execute cloud user/final scripts...
ci-info: no authorized ssh keys fingerprints found for user ubuntu.
<14>May 16 15:39:16 ec2: 
<14>May 16 15:39:16 ec2: #############################################################
<14>May 16 15:39:16 ec2: -----BEGIN SSH HOST KEY FINGERPRINTS-----
<14>May 16 15:39:16 ec2: 1024 SHA256:pKDCZoGPsDxZmp1/WFRId/uWJ+sU8uGL+3n5Hw7CHzk root@ubuntu-xenial (DSA)
<14>May 16 15:39:16 ec2: 256 SHA256:VKvP7oKH+haGrk37a3GBxO75ZFzrfl1YrhIdoV3kseU root@ubuntu-xenial (ECDSA)
<14>May 16 15:39:16 ec2: 256 SHA256:FIvxEaKjT3GDj6Elhiwejv+AzhJ5ncDonEATcYAaHWQ root@ubuntu-xenial (ED25519)
<14>May 16 15:39:16 ec2: 2048 SHA256:IVibB1J7BgIO7UzHY8TbqPs1wBd3OZrTwPGJbx09H0I root@ubuntu-xenial (RSA)
<14>May 16 15:39:16 ec2: -----END SSH HOST KEY FINGERPRINTS-----
<14>May 16 15:39:16 ec2: #############################################################
-----BEGIN SSH HOST KEY KEYS-----
ecdsa-sha2-nistp256 AAAAE2VjZHNhLXNoYTItbmlzdHAyNTYAAAAIbmlzdHAyNTYAAABBBKslFpOxhT1HCUt952geYHTzWVYJyhRsWX7I+qA+nMQLwYBv8JJgqqWNbxyLNzyEKpjT4JSEzkMLTPjcZ8VBfYA= root@ubuntu-xenial
ssh-ed25519 AAAAC3NzaC1lZDI1NTE5AAAAICUnbpyFFl2N9EgT4LoT3/0u3ITFGs7VhB11AAg/7yvp root@ubuntu-xenial
ssh-rsa AAAAB3NzaC1yc2EAAAADAQABAAABAQCrbTUG9i6nMpu/UaRYY7Iv/DsSSUN/gRh2GFl4hqeCMKH5pJwYmZvJvnCuIyXDs/AgBUMvA1435e1Ai1yTUP0Z25OND+gdXmJsFaeqFyMsF/gaUYfzz8GwWLSC69rmBq4P8yUKgm7mJawp9+XNRN0OjiD3mbJL2DkNPqSdFGt7ItMdcDa+a2SeyEuuFlFoXyupgSgBWmgAiaij4Xw7ganjmE6F4ZbdvUuPWqe3LRXfW0RXLYdms+9hX7PyLtBhxRi8JwsW8rCGD1ZzeT18amj2TJLymlRFp6nvYCg4zftJk6nZ0MpPvRml19ir88YimGSm0v/p8Ebdog9dt0USycjx root@ubuntu-xenial
-----END SSH HOST KEY KEYS-----
[   45.649434] cloud-init[1380]: Cloud-init v. 0.7.9 running 'modules:final' at Wed, 16 May 2018 15:39:16 +0000. Up 45.04 seconds.
[   45.716406] cloud-init[1380]: ci-info: no authorized ssh keys fingerprints found for user ubuntu.
[   45.716675] cloud-init[1380]: Cloud-init v. 0.7.9 finished at Wed, 16 May 2018 15:39:16 +0000. Datasource DataSourceNoCloud [seed=/dev/sdb][dsmode=net].  Up 45.64 seconds
[[0;32m  OK  [0m] Started Execute cloud user/final scripts.
[[0;32m  OK  [0m] Reached target Cloud-init target.

Ubuntu 16.04.3 LTS ubuntu-xenial ttyS0

ubuntu-xenial login: 